# JRE version: OpenJDK Runtime Environment Temurin-21.0.7+6 (21.0.7+6) (build 21.0.7+6-LTS)
# Java VM: OpenJDK 64-Bit Server VM Temurin-21.0.7+6 (21.0.7+6-LTS, mixed mode, sharing, tiered, compressed oops, compressed class ptrs, parallel gc, windows-amd64)
GC Precious Log:
 CardTable entry size: 512
 CPUs: 4 total, 4 available
 Memory: 12180M
 Large Page Support: Disabled
 NUMA Support: Disabled
 Compressed Oops: Enabled (32-bit)
 Alignments: Space 512K, Generation 512K, Heap 2M
 Heap Min Capacity: 100M
 Heap Initial Capacity: 100M
 Heap Max Capacity: 2G
 Pre-touch: Disabled
 Parallel Workers: 4
Heap:
 PSYoungGen      total 3072K, used 3008K [0x00000000d5580000, 0x00000000d5a80000, 0x0000000100000000)
  eden space 2560K, 100% used [0x00000000d5580000,0x00000000d5800000,0x00000000d5800000)
  from space 512K, 87% used [0x00000000d5a00000,0x00000000d5a70160,0x00000000d5a80000)
  to   space 1024K, 67% used [0x00000000d5880000,0x00000000d592e050,0x00000000d5980000)
 ParOldGen       total 772096K, used 735502K [0x0000000080000000, 0x00000000af200000, 0x00000000d5580000)
  object space 772096K, 95% used [0x0000000080000000,0x00000000ace43af8,0x00000000af200000)
 Metaspace       used 76376K, committed 78208K, reserved 1179648K
  class space    used 7698K, committed 8576K, reserved 1048576K
GC Heap History (20 events):
Event: 294.853 GC heap after
{Heap after GC invocations=3543 (full 4):
 PSYoungGen      total 2048K, used 228K [0x00000000d5580000, 0x00000000d5880000, 0x0000000100000000)
  eden space 1536K, 0% used [0x00000000d5580000,0x00000000d5580000,0x00000000d5700000)
  from space 512K, 44% used [0x00000000d5780000,0x00000000d57b92e0,0x00000000d5800000)
  to   space 512K, 0% used [0x00000000d5800000,0x00000000d5800000,0x00000000d5880000)
 ParOldGen       total 772096K, used 731621K [0x0000000080000000, 0x00000000af200000, 0x00000000d5580000)
  object space 772096K, 94% used [0x0000000080000000,0x00000000aca796a0,0x00000000af200000)
 Metaspace       used 76374K, committed 78208K, reserved 1179648K
  class space    used 7698K, committed 8576K, reserved 1048576K
}
Event: 294.862 GC heap before
{Heap before GC invocations=3544 (full 4):
 PSYoungGen      total 2048K, used 1764K [0x00000000d5580000, 0x00000000d5880000, 0x0000000100000000)
  eden space 1536K, 100% used [0x00000000d5580000,0x00000000d5700000,0x00000000d5700000)
  from space 512K, 44% used [0x00000000d5780000,0x00000000d57b92e0,0x00000000d5800000)
  to   space 512K, 0% used [0x00000000d5800000,0x00000000d5800000,0x00000000d5880000)
 ParOldGen       total 772096K, used 731621K [0x0000000080000000, 0x00000000af200000, 0x00000000d5580000)
  object space 772096K, 94% used [0x0000000080000000,0x00000000aca796a0,0x00000000af200000)
 Metaspace       used 76375K, committed 78208K, reserved 1179648K
  class space    used 7698K, committed 8576K, reserved 1048576K
}
Event: 294.864 GC heap after
{Heap after GC invocations=3544 (full 4):
 PSYoungGen      total 2048K, used 235K [0x00000000d5580000, 0x00000000d5880000, 0x0000000100000000)
  eden space 1536K, 0% used [0x00000000d5580000,0x00000000d5580000,0x00000000d5700000)
  from space 512K, 46% used [0x00000000d5800000,0x00000000d583af58,0x00000000d5880000)
  to   space 512K, 0% used [0x00000000d5780000,0x00000000d5780000,0x00000000d5800000)
 ParOldGen       total 772096K, used 731794K [0x0000000080000000, 0x00000000af200000, 0x00000000d5580000)
  object space 772096K, 94% used [0x0000000080000000,0x00000000acaa4980,0x00000000af200000)
 Metaspace       used 76375K, committed 78208K, reserved 1179648K
  class space    used 7698K, committed 8576K, reserved 1048576K
}
Event: 294.875 GC heap before
{Heap before GC invocations=3545 (full 4):
 PSYoungGen      total 2048K, used 1771K [0x00000000d5580000, 0x00000000d5880000, 0x0000000100000000)
  eden space 1536K, 100% used [0x00000000d5580000,0x00000000d5700000,0x00000000d5700000)
  from space 512K, 46% used [0x00000000d5800000,0x00000000d583af58,0x00000000d5880000)
  to   space 512K, 0% used [0x00000000d5780000,0x00000000d5780000,0x00000000d5800000)
 ParOldGen       total 772096K, used 731794K [0x0000000080000000, 0x00000000af200000, 0x00000000d5580000)
  object space 772096K, 94% used [0x0000000080000000,0x00000000acaa4980,0x00000000af200000)
 Metaspace       used 76375K, committed 78208K, reserved 1179648K
  class space    used 7698K, committed 8576K, reserved 1048576K
}
Event: 294.879 GC heap after
{Heap after GC invocations=3545 (full 4):
 PSYoungGen      total 2048K, used 160K [0x00000000d5580000, 0x00000000d5880000, 0x0000000100000000)
  eden space 1536K, 0% used [0x00000000d5580000,0x00000000d5580000,0x00000000d5700000)
  from space 512K, 31% used [0x00000000d5780000,0x00000000d57a8000,0x00000000d5800000)
  to   space 512K, 0% used [0x00000000d5800000,0x00000000d5800000,0x00000000d5880000)
 ParOldGen       total 772096K, used 731834K [0x0000000080000000, 0x00000000af200000, 0x00000000d5580000)
  object space 772096K, 94% used [0x0000000080000000,0x00000000acaae980,0x00000000af200000)
 Metaspace       used 76375K, committed 78208K, reserved 1179648K
  class space    used 7698K, committed 8576K, reserved 1048576K
}
Event: 294.895 GC heap before
{Heap before GC invocations=3546 (full 4):
 PSYoungGen      total 2048K, used 1696K [0x00000000d5580000, 0x00000000d5880000, 0x0000000100000000)
  eden space 1536K, 100% used [0x00000000d5580000,0x00000000d5700000,0x00000000d5700000)
  from space 512K, 31% used [0x00000000d5780000,0x00000000d57a8000,0x00000000d5800000)
  to   space 512K, 0% used [0x00000000d5800000,0x00000000d5800000,0x00000000d5880000)
 ParOldGen       total 772096K, used 731834K [0x0000000080000000, 0x00000000af200000, 0x00000000d5580000)
  object space 772096K, 94% used [0x0000000080000000,0x00000000acaae980,0x00000000af200000)
 Metaspace       used 76375K, committed 78208K, reserved 1179648K
  class space    used 7698K, committed 8576K, reserved 1048576K
}
Event: 294.902 GC heap after
{Heap after GC invocations=3546 (full 4):
 PSYoungGen      total 2048K, used 159K [0x00000000d5580000, 0x00000000d5880000, 0x0000000100000000)
  eden space 1536K, 0% used [0x00000000d5580000,0x00000000d5580000,0x00000000d5700000)
  from space 512K, 31% used [0x00000000d5800000,0x00000000d5827c30,0x00000000d5880000)
  to   space 512K, 0% used [0x00000000d5780000,0x00000000d5780000,0x00000000d5800000)
 ParOldGen       total 772096K, used 731906K [0x0000000080000000, 0x00000000af200000, 0x00000000d5580000)
  object space 772096K, 94% used [0x0000000080000000,0x00000000acac0980,0x00000000af200000)
 Metaspace       used 76375K, committed 78208K, reserved 1179648K
  class space    used 7698K, committed 8576K, reserved 1048576K
}
Event: 295.046 GC heap before
{Heap before GC invocations=3547 (full 4):
 PSYoungGen      total 2048K, used 1695K [0x00000000d5580000, 0x00000000d5880000, 0x0000000100000000)
  eden space 1536K, 99% used [0x00000000d5580000,0x00000000d56ffff0,0x00000000d5700000)
  from space 512K, 31% used [0x00000000d5800000,0x00000000d5827c30,0x00000000d5880000)
  to   space 512K, 0% used [0x00000000d5780000,0x00000000d5780000,0x00000000d5800000)
 ParOldGen       total 772096K, used 731906K [0x0000000080000000, 0x00000000af200000, 0x00000000d5580000)
  object space 772096K, 94% used [0x0000000080000000,0x00000000acac0980,0x00000000af200000)
 Metaspace       used 76375K, committed 78208K, reserved 1179648K
  class space    used 7698K, committed 8576K, reserved 1048576K
}
Event: 295.050 GC heap after
{Heap after GC invocations=3547 (full 4):
 PSYoungGen      total 2048K, used 128K [0x00000000d5580000, 0x00000000d5880000, 0x0000000100000000)
  eden space 1536K, 0% used [0x00000000d5580000,0x00000000d5580000,0x00000000d5700000)
  from space 512K, 25% used [0x00000000d5780000,0x00000000d57a0000,0x00000000d5800000)
  to   space 512K, 0% used [0x00000000d5800000,0x00000000d5800000,0x00000000d5880000)
 ParOldGen       total 772096K, used 731930K [0x0000000080000000, 0x00000000af200000, 0x00000000d5580000)
  object space 772096K, 94% used [0x0000000080000000,0x00000000acac6980,0x00000000af200000)
 Metaspace       used 76375K, committed 78208K, reserved 1179648K
  class space    used 7698K, committed 8576K, reserved 1048576K
}
Event: 295.058 GC heap before
{Heap before GC invocations=3548 (full 4):
 PSYoungGen      total 2048K, used 1664K [0x00000000d5580000, 0x00000000d5880000, 0x0000000100000000)
  eden space 1536K, 100% used [0x00000000d5580000,0x00000000d5700000,0x00000000d5700000)
  from space 512K, 25% used [0x00000000d5780000,0x00000000d57a0000,0x00000000d5800000)
  to   space 512K, 0% used [0x00000000d5800000,0x00000000d5800000,0x00000000d5880000)
 ParOldGen       total 772096K, used 731930K [0x0000000080000000, 0x00000000af200000, 0x00000000d5580000)
  object space 772096K, 94% used [0x0000000080000000,0x00000000acac6980,0x00000000af200000)
 Metaspace       used 76375K, committed 78208K, reserved 1179648K
  class space    used 7698K, committed 8576K, reserved 1048576K
}
Event: 295.061 GC heap after
{Heap after GC invocations=3548 (full 4):
 PSYoungGen      total 2048K, used 448K [0x00000000d5580000, 0x00000000d5880000, 0x0000000100000000)
  eden space 1536K, 0% used [0x00000000d5580000,0x00000000d5580000,0x00000000d5700000)
  from space 512K, 87% used [0x00000000d5800000,0x00000000d5870000,0x00000000d5880000)
  to   space 512K, 0% used [0x00000000d5780000,0x00000000d5780000,0x00000000d5800000)
 ParOldGen       total 772096K, used 731978K [0x0000000080000000, 0x00000000af200000, 0x00000000d5580000)
  object space 772096K, 94% used [0x0000000080000000,0x00000000acad2980,0x00000000af200000)
 Metaspace       used 76375K, committed 78208K, reserved 1179648K
  class space    used 7698K, committed 8576K, reserved 1048576K
}
Event: 295.069 GC heap before
{Heap before GC invocations=3549 (full 4):
 PSYoungGen      total 2048K, used 1965K [0x00000000d5580000, 0x00000000d5880000, 0x0000000100000000)
  eden space 1536K, 98% used [0x00000000d5580000,0x00000000d56fb608,0x00000000d5700000)
  from space 512K, 87% used [0x00000000d5800000,0x00000000d5870000,0x00000000d5880000)
  to   space 512K, 0% used [0x00000000d5780000,0x00000000d5780000,0x00000000d5800000)
 ParOldGen       total 772096K, used 731978K [0x0000000080000000, 0x00000000af200000, 0x00000000d5580000)
  object space 772096K, 94% used [0x0000000080000000,0x00000000acad2980,0x00000000af200000)
 Metaspace       used 76376K, committed 78208K, reserved 1179648K
  class space    used 7698K, committed 8576K, reserved 1048576K
}
Event: 295.073 GC heap after
{Heap after GC invocations=3549 (full 4):
 PSYoungGen      total 2048K, used 496K [0x00000000d5580000, 0x00000000d5a00000, 0x0000000100000000)
  eden space 1536K, 0% used [0x00000000d5580000,0x00000000d5580000,0x00000000d5700000)
  from space 512K, 96% used [0x00000000d5780000,0x00000000d57fc010,0x00000000d5800000)
  to   space 1536K, 0% used [0x00000000d5880000,0x00000000d5880000,0x00000000d5a00000)
 ParOldGen       total 772096K, used 732774K [0x0000000080000000, 0x00000000af200000, 0x00000000d5580000)
  object space 772096K, 94% used [0x0000000080000000,0x00000000acb998d8,0x00000000af200000)
 Metaspace       used 76376K, committed 78208K, reserved 1179648K
  class space    used 7698K, committed 8576K, reserved 1048576K
}
Event: 295.080 GC heap before
{Heap before GC invocations=3550 (full 4):
 PSYoungGen      total 2048K, used 2032K [0x00000000d5580000, 0x00000000d5a00000, 0x0000000100000000)
  eden space 1536K, 99% used [0x00000000d5580000,0x00000000d56ffff0,0x00000000d5700000)
  from space 512K, 96% used [0x00000000d5780000,0x00000000d57fc010,0x00000000d5800000)
  to   space 1536K, 0% used [0x00000000d5880000,0x00000000d5880000,0x00000000d5a00000)
 ParOldGen       total 772096K, used 732774K [0x0000000080000000, 0x00000000af200000, 0x00000000d5580000)
  object space 772096K, 94% used [0x0000000080000000,0x00000000acb998d8,0x00000000af200000)
 Metaspace       used 76376K, committed 78208K, reserved 1179648K
  class space    used 7698K, committed 8576K, reserved 1048576K
}
Event: 295.083 GC heap after
{Heap after GC invocations=3550 (full 4):
 PSYoungGen      total 3072K, used 128K [0x00000000d5580000, 0x00000000d5980000, 0x0000000100000000)
  eden space 2048K, 0% used [0x00000000d5580000,0x00000000d5580000,0x00000000d5780000)
  from space 1024K, 12% used [0x00000000d5880000,0x00000000d58a0010,0x00000000d5980000)
  to   space 1024K, 0% used [0x00000000d5780000,0x00000000d5780000,0x00000000d5880000)
 ParOldGen       total 772096K, used 733254K [0x0000000080000000, 0x00000000af200000, 0x00000000d5580000)
  object space 772096K, 94% used [0x0000000080000000,0x00000000acc118d8,0x00000000af200000)
 Metaspace       used 76376K, committed 78208K, reserved 1179648K
  class space    used 7698K, committed 8576K, reserved 1048576K
}
Event: 295.095 GC heap before
{Heap before GC invocations=3551 (full 4):
 PSYoungGen      total 3072K, used 2166K [0x00000000d5580000, 0x00000000d5980000, 0x0000000100000000)
  eden space 2048K, 99% used [0x00000000d5580000,0x00000000d577d930,0x00000000d5780000)
  from space 1024K, 12% used [0x00000000d5880000,0x00000000d58a0010,0x00000000d5980000)
  to   space 1024K, 0% used [0x00000000d5780000,0x00000000d5780000,0x00000000d5880000)
 ParOldGen       total 772096K, used 733254K [0x0000000080000000, 0x00000000af200000, 0x00000000d5580000)
  object space 772096K, 94% used [0x0000000080000000,0x00000000acc118d8,0x00000000af200000)
 Metaspace       used 76376K, committed 78208K, reserved 1179648K
  class space    used 7698K, committed 8576K, reserved 1048576K
}
Event: 295.099 GC heap after
{Heap after GC invocations=3551 (full 4):
 PSYoungGen      total 3072K, used 992K [0x00000000d5580000, 0x00000000d5c00000, 0x0000000100000000)
  eden space 2048K, 0% used [0x00000000d5580000,0x00000000d5580000,0x00000000d5780000)
  from space 1024K, 96% used [0x00000000d5780000,0x00000000d5878140,0x00000000d5880000)
  to   space 2048K, 0% used [0x00000000d5a00000,0x00000000d5a00000,0x00000000d5c00000)
 ParOldGen       total 772096K, used 733670K [0x0000000080000000, 0x00000000af200000, 0x00000000d5580000)
  object space 772096K, 95% used [0x0000000080000000,0x00000000acc798e8,0x00000000af200000)
 Metaspace       used 76376K, committed 78208K, reserved 1179648K
  class space    used 7698K, committed 8576K, reserved 1048576K
}
Event: 295.217 GC heap before
{Heap before GC invocations=3552 (full 4):
 PSYoungGen      total 3072K, used 3040K [0x00000000d5580000, 0x00000000d5c00000, 0x0000000100000000)
  eden space 2048K, 100% used [0x00000000d5580000,0x00000000d5780000,0x00000000d5780000)
  from space 1024K, 96% used [0x00000000d5780000,0x00000000d5878140,0x00000000d5880000)
  to   space 2048K, 0% used [0x00000000d5a00000,0x00000000d5a00000,0x00000000d5c00000)
 ParOldGen       total 772096K, used 734060K [0x0000000080000000, 0x00000000af200000, 0x00000000d5580000)
  object space 772096K, 95% used [0x0000000080000000,0x00000000accdb060,0x00000000af200000)
 Metaspace       used 76376K, committed 78208K, reserved 1179648K
  class space    used 7698K, committed 8576K, reserved 1048576K
}
Event: 295.223 GC heap after
{Heap after GC invocations=3552 (full 4):
 PSYoungGen      total 3072K, used 448K [0x00000000d5580000, 0x00000000d5a80000, 0x0000000100000000)
  eden space 2560K, 0% used [0x00000000d5580000,0x00000000d5580000,0x00000000d5800000)
  from space 512K, 87% used [0x00000000d5a00000,0x00000000d5a70160,0x00000000d5a80000)
  to   space 1024K, 0% used [0x00000000d5880000,0x00000000d5880000,0x00000000d5980000)
 ParOldGen       total 772096K, used 735068K [0x0000000080000000, 0x00000000af200000, 0x00000000d5580000)
  object space 772096K, 95% used [0x0000000080000000,0x00000000acdd71c0,0x00000000af200000)
 Metaspace       used 76376K, committed 78208K, reserved 1179648K
  class space    used 7698K, committed 8576K, reserved 1048576K
}
Event: 295.276 GC heap before
{Heap before GC invocations=3553 (full 4):
 PSYoungGen      total 3072K, used 3008K [0x00000000d5580000, 0x00000000d5a80000, 0x0000000100000000)
  eden space 2560K, 100% used [0x00000000d5580000,0x00000000d5800000,0x00000000d5800000)
  from space 512K, 87% used [0x00000000d5a00000,0x00000000d5a70160,0x00000000d5a80000)
  to   space 1024K, 0% used [0x00000000d5880000,0x00000000d5880000,0x00000000d5980000)
 ParOldGen       total 772096K, used 735070K [0x0000000080000000, 0x00000000af200000, 0x00000000d5580000)
  object space 772096K, 95% used [0x0000000080000000,0x00000000acdd7988,0x00000000af200000)
 Metaspace       used 76376K, committed 78208K, reserved 1179648K
  class space    used 7698K, committed 8576K, reserved 1048576K
}

